[debug] [2020-09-03T14:48:12.479Z] ----------------------------------------------------------------------
[debug] [2020-09-03T14:48:12.481Z] Command:       C:\Program Files\nodejs\node.exe C:\Users\Nguyen\AppData\Roaming\npm\node_modules\firebase-tools\lib\bin\firebase.js init
[debug] [2020-09-03T14:48:12.481Z] CLI Version:   8.9.2
[debug] [2020-09-03T14:48:12.481Z] Platform:      win32
[debug] [2020-09-03T14:48:12.481Z] Node Version:  v12.14.1
[debug] [2020-09-03T14:48:12.482Z] Time:          Thu Sep 03 2020 21:48:12 GMT+0700 (Indochina Time)
[debug] [2020-09-03T14:48:12.482Z] ----------------------------------------------------------------------
[debug] [2020-09-03T14:48:12.483Z] 
[debug] [2020-09-03T14:48:12.488Z] > command requires scopes: ["email","openid","https://www.googleapis.com/auth/cloudplatformprojects.readonly","https://www.googleapis.com/auth/firebase","https://www.googleapis.com/auth/cloud-platform"]
[debug] [2020-09-03T14:48:12.489Z] > authorizing via signed-in user
[info] 
     ######## #### ########  ######## ########     ###     ######  ########
     ##        ##  ##     ## ##       ##     ##  ##   ##  ##       ##
     ######    ##  ########  ######   ########  #########  ######  ######
     ##        ##  ##    ##  ##       ##     ## ##     ##       ## ##
     ##       #### ##     ## ######## ########  ##     ##  ######  ########

You're about to initialize a Firebase project in this directory:

  D:\Projects\nguyen-huynh\web-shop

[info] 
=== Project Setup
[info] 
[info] First, let's associate this project directory with a Firebase project.
[info] You can create multiple project aliases by running firebase use --add, 
[info] but for now we'll just set up a default project.
[info] 
[debug] [2020-09-03T14:49:20.569Z] ----------------------------------------------------------------------
[debug] [2020-09-03T14:49:20.570Z] Command:       C:\Program Files\nodejs\node.exe C:\Users\Nguyen\AppData\Roaming\npm\node_modules\firebase-tools\lib\bin\firebase.js init
[debug] [2020-09-03T14:49:20.571Z] CLI Version:   8.9.2
[debug] [2020-09-03T14:49:20.571Z] Platform:      win32
[debug] [2020-09-03T14:49:20.571Z] Node Version:  v12.14.1
[debug] [2020-09-03T14:49:20.572Z] Time:          Thu Sep 03 2020 21:49:20 GMT+0700 (Indochina Time)
[debug] [2020-09-03T14:49:20.572Z] ----------------------------------------------------------------------
[debug] [2020-09-03T14:49:20.572Z] 
[debug] [2020-09-03T14:49:20.578Z] > command requires scopes: ["email","openid","https://www.googleapis.com/auth/cloudplatformprojects.readonly","https://www.googleapis.com/auth/firebase","https://www.googleapis.com/auth/cloud-platform"]
[debug] [2020-09-03T14:49:20.578Z] > authorizing via signed-in user
[info] 
     ######## #### ########  ######## ########     ###     ######  ########
     ##        ##  ##     ## ##       ##     ##  ##   ##  ##       ##
     ######    ##  ########  ######   ########  #########  ######  ######
     ##        ##  ##    ##  ##       ##     ## ##     ##       ## ##
     ##       #### ##     ## ######## ########  ##     ##  ######  ########

You're about to initialize a Firebase project in this directory:

  D:\Projects\nguyen-huynh\web-shop

[info] 
=== Project Setup
[info] 
[info] First, let's associate this project directory with a Firebase project.
[info] You can create multiple project aliases by running firebase use --add, 
[info] but for now we'll just set up a default project.
[info] 
[debug] [2020-09-03T14:49:28.655Z] > refreshing access token with scopes: ["email","https://www.googleapis.com/auth/cloud-platform","https://www.googleapis.com/auth/cloudplatformprojects.readonly","https://www.googleapis.com/auth/firebase","openid"]
[debug] [2020-09-03T14:49:28.656Z] >>> HTTP REQUEST POST https://www.googleapis.com/oauth2/v3/token  
 <request body omitted>
[debug] [2020-09-03T14:49:28.924Z] <<< HTTP RESPONSE 200 {"content-type":"application/json; charset=utf-8","vary":"X-Origin, Referer, Origin,Accept-Encoding","date":"Thu, 03 Sep 2020 14:49:24 GMT","server":"scaffolding on HTTPServer2","cache-control":"private","x-xss-protection":"0","x-frame-options":"SAMEORIGIN","x-content-type-options":"nosniff","alt-svc":"h3-29=\":443\"; ma=2592000,h3-27=\":443\"; ma=2592000,h3-T051=\":443\"; ma=2592000,h3-T050=\":443\"; ma=2592000,h3-Q050=\":443\"; ma=2592000,h3-Q046=\":443\"; ma=2592000,h3-Q043=\":443\"; ma=2592000,quic=\":443\"; ma=2592000; v=\"46,43\"","accept-ranges":"none","transfer-encoding":"chunked"}
[debug] [2020-09-03T14:49:28.928Z] >>> HTTP REQUEST GET https://firebase.googleapis.com/v1beta1/projects?pageSize=100  
 
[debug] [2020-09-03T14:49:29.525Z] <<< HTTP RESPONSE 200 {"content-type":"application/json; charset=UTF-8","vary":"X-Origin, Referer, Origin,Accept-Encoding","date":"Thu, 03 Sep 2020 14:49:24 GMT","server":"ESF","cache-control":"private","x-xss-protection":"0","x-frame-options":"SAMEORIGIN","x-content-type-options":"nosniff","alt-svc":"h3-29=\":443\"; ma=2592000,h3-27=\":443\"; ma=2592000,h3-T051=\":443\"; ma=2592000,h3-T050=\":443\"; ma=2592000,h3-Q050=\":443\"; ma=2592000,h3-Q046=\":443\"; ma=2592000,h3-Q043=\":443\"; ma=2592000,quic=\":443\"; ma=2592000; v=\"46,43\"","accept-ranges":"none","transfer-encoding":"chunked"}
[info] i  Using project my-first-project-4ddb0 (My First Project) 
[info] 
=== Emulators Setup
